{"C:/Users/james/Documents/4.Projetos/23.PUC/semestre6/pmv-si-2024-1-pe6-t2-g3-gestao-med/src/backend/src/server.ts": {"path":"C:/Users/james/Documents/4.Projetos/23.PUC/semestre6/pmv-si-2024-1-pe6-t2-g3-gestao-med/src/backend/src/server.ts","statementMap":{"0":{"start":{"line":11,"column":12},"end":{"line":11,"column":null}},"1":{"start":{"line":12,"column":0},"end":{"line":12,"column":null}},"2":{"start":{"line":14,"column":0},"end":{"line":14,"column":null}},"3":{"start":{"line":16,"column":0},"end":{"line":16,"column":null}},"4":{"start":{"line":18,"column":0},"end":{"line":18,"column":null}},"5":{"start":{"line":21,"column":0},"end":{"line":21,"column":null}},"6":{"start":{"line":21,"column":23},"end":{"line":21,"column":59}}},"fnMap":{"0":{"name":"(anonymous_0)","decl":{"start":{"line":21,"column":17},"end":{"line":21,"column":23}},"loc":{"start":{"line":21,"column":23},"end":{"line":21,"column":59}}}},"branchMap":{},"s":{"0":0,"1":0,"2":0,"3":0,"4":0,"5":0,"6":0},"f":{"0":0},"b":{}}
,"C:/Users/james/Documents/4.Projetos/23.PUC/semestre6/pmv-si-2024-1-pe6-t2-g3-gestao-med/src/backend/src/Controllers/AuthenticateUser/authUserController.ts": {"path":"C:/Users/james/Documents/4.Projetos/23.PUC/semestre6/pmv-si-2024-1-pe6-t2-g3-gestao-med/src/backend/src/Controllers/AuthenticateUser/authUserController.ts","statementMap":{"0":{"start":{"line":10,"column":16},"end":{"line":10,"column":null}},"1":{"start":{"line":11,"column":16},"end":{"line":11,"column":null}},"2":{"start":{"line":12,"column":16},"end":{"line":12,"column":null}},"3":{"start":{"line":17,"column":8},"end":{"line":32,"column":null}},"4":{"start":{"line":18,"column":39},"end":{"line":18,"column":null}},"5":{"start":{"line":20,"column":29},"end":{"line":20,"column":null}},"6":{"start":{"line":22,"column":25},"end":{"line":25,"column":null}},"7":{"start":{"line":27,"column":12},"end":{"line":27,"column":null}},"8":{"start":{"line":29,"column":12},"end":{"line":31,"column":null}}},"fnMap":{"0":{"name":"(anonymous_0)","decl":{"start":{"line":9,"column":4},"end":{"line":9,"column":null}},"loc":{"start":{"line":13,"column":5},"end":{"line":13,"column":null}}},"1":{"name":"(anonymous_1)","decl":{"start":{"line":15,"column":4},"end":{"line":15,"column":10}},"loc":{"start":{"line":15,"column":45},"end":{"line":34,"column":null}}}},"branchMap":{},"s":{"0":0,"1":0,"2":0,"3":0,"4":0,"5":0,"6":0,"7":0,"8":0},"f":{"0":0,"1":0},"b":{}}
,"C:/Users/james/Documents/4.Projetos/23.PUC/semestre6/pmv-si-2024-1-pe6-t2-g3-gestao-med/src/backend/src/Controllers/AuthenticateUser/index.ts": {"path":"C:/Users/james/Documents/4.Projetos/23.PUC/semestre6/pmv-si-2024-1-pe6-t2-g3-gestao-med/src/backend/src/Controllers/AuthenticateUser/index.ts","statementMap":{"0":{"start":{"line":6,"column":29},"end":{"line":6,"column":null}},"1":{"start":{"line":7,"column":23},"end":{"line":7,"column":null}},"2":{"start":{"line":8,"column":23},"end":{"line":8,"column":null}},"3":{"start":{"line":10,"column":27},"end":{"line":14,"column":null}}},"fnMap":{},"branchMap":{},"s":{"0":0,"1":0,"2":0,"3":0},"f":{},"b":{}}
,"C:/Users/james/Documents/4.Projetos/23.PUC/semestre6/pmv-si-2024-1-pe6-t2-g3-gestao-med/src/backend/src/Controllers/CreateUser/createUserController.ts": {"path":"C:/Users/james/Documents/4.Projetos/23.PUC/semestre6/pmv-si-2024-1-pe6-t2-g3-gestao-med/src/backend/src/Controllers/CreateUser/createUserController.ts","statementMap":{"0":{"start":{"line":10,"column":16},"end":{"line":10,"column":null}},"1":{"start":{"line":15,"column":8},"end":{"line":28,"column":null}},"2":{"start":{"line":17,"column":38},"end":{"line":17,"column":null}},"3":{"start":{"line":19,"column":38},"end":{"line":19,"column":null}},"4":{"start":{"line":21,"column":12},"end":{"line":21,"column":null}},"5":{"start":{"line":23,"column":12},"end":{"line":23,"column":null}},"6":{"start":{"line":25,"column":12},"end":{"line":27,"column":null}}},"fnMap":{"0":{"name":"(anonymous_0)","decl":{"start":{"line":9,"column":4},"end":{"line":9,"column":null}},"loc":{"start":{"line":11,"column":6},"end":{"line":11,"column":null}}},"1":{"name":"(anonymous_1)","decl":{"start":{"line":13,"column":4},"end":{"line":13,"column":10}},"loc":{"start":{"line":13,"column":45},"end":{"line":30,"column":null}}}},"branchMap":{},"s":{"0":0,"1":0,"2":0,"3":0,"4":0,"5":0,"6":0},"f":{"0":0,"1":0},"b":{}}
,"C:/Users/james/Documents/4.Projetos/23.PUC/semestre6/pmv-si-2024-1-pe6-t2-g3-gestao-med/src/backend/src/Controllers/CreateUser/index.ts": {"path":"C:/Users/james/Documents/4.Projetos/23.PUC/semestre6/pmv-si-2024-1-pe6-t2-g3-gestao-med/src/backend/src/Controllers/CreateUser/index.ts","statementMap":{"0":{"start":{"line":4,"column":23},"end":{"line":4,"column":null}},"1":{"start":{"line":5,"column":29},"end":{"line":5,"column":null}}},"fnMap":{},"branchMap":{},"s":{"0":0,"1":0},"f":{},"b":{}}
,"C:/Users/james/Documents/4.Projetos/23.PUC/semestre6/pmv-si-2024-1-pe6-t2-g3-gestao-med/src/backend/src/Controllers/UserDetailsController/index.ts": {"path":"C:/Users/james/Documents/4.Projetos/23.PUC/semestre6/pmv-si-2024-1-pe6-t2-g3-gestao-med/src/backend/src/Controllers/UserDetailsController/index.ts","statementMap":{"0":{"start":{"line":5,"column":29},"end":{"line":5,"column":null}},"1":{"start":{"line":6,"column":30},"end":{"line":6,"column":null}}},"fnMap":{},"branchMap":{},"s":{"0":0,"1":0},"f":{},"b":{}}
,"C:/Users/james/Documents/4.Projetos/23.PUC/semestre6/pmv-si-2024-1-pe6-t2-g3-gestao-med/src/backend/src/Controllers/UserDetailsController/userDetailsController.ts": {"path":"C:/Users/james/Documents/4.Projetos/23.PUC/semestre6/pmv-si-2024-1-pe6-t2-g3-gestao-med/src/backend/src/Controllers/UserDetailsController/userDetailsController.ts","statementMap":{"0":{"start":{"line":7,"column":16},"end":{"line":7,"column":null}},"1":{"start":{"line":11,"column":8},"end":{"line":22,"column":null}},"2":{"start":{"line":12,"column":27},"end":{"line":12,"column":null}},"3":{"start":{"line":14,"column":39},"end":{"line":14,"column":null}},"4":{"start":{"line":15,"column":25},"end":{"line":15,"column":null}},"5":{"start":{"line":17,"column":12},"end":{"line":17,"column":null}},"6":{"start":{"line":19,"column":12},"end":{"line":21,"column":null}}},"fnMap":{"0":{"name":"(anonymous_0)","decl":{"start":{"line":6,"column":4},"end":{"line":6,"column":null}},"loc":{"start":{"line":8,"column":7},"end":{"line":8,"column":null}}},"1":{"name":"(anonymous_1)","decl":{"start":{"line":10,"column":4},"end":{"line":10,"column":10}},"loc":{"start":{"line":10,"column":46},"end":{"line":23,"column":null}}}},"branchMap":{},"s":{"0":0,"1":0,"2":0,"3":0,"4":0,"5":0,"6":0},"f":{"0":0,"1":0},"b":{}}
,"C:/Users/james/Documents/4.Projetos/23.PUC/semestre6/pmv-si-2024-1-pe6-t2-g3-gestao-med/src/backend/src/Controllers/UserMedicationsController/userMedicationsController.ts": {"path":"C:/Users/james/Documents/4.Projetos/23.PUC/semestre6/pmv-si-2024-1-pe6-t2-g3-gestao-med/src/backend/src/Controllers/UserMedicationsController/userMedicationsController.ts","statementMap":{"0":{"start":{"line":6,"column":8},"end":{"line":17,"column":null}},"1":{"start":{"line":7,"column":27},"end":{"line":7,"column":null}},"2":{"start":{"line":9,"column":43},"end":{"line":9,"column":null}},"3":{"start":{"line":10,"column":32},"end":{"line":10,"column":null}},"4":{"start":{"line":12,"column":12},"end":{"line":12,"column":null}},"5":{"start":{"line":14,"column":12},"end":{"line":16,"column":null}}},"fnMap":{"0":{"name":"(anonymous_0)","decl":{"start":{"line":5,"column":4},"end":{"line":5,"column":10}},"loc":{"start":{"line":5,"column":46},"end":{"line":18,"column":null}}}},"branchMap":{},"s":{"0":0,"1":0,"2":0,"3":0,"4":0,"5":0},"f":{"0":0},"b":{}}
,"C:/Users/james/Documents/4.Projetos/23.PUC/semestre6/pmv-si-2024-1-pe6-t2-g3-gestao-med/src/backend/src/Services/Medications/UserMedicationsService/userMedicationsService.ts": {"path":"C:/Users/james/Documents/4.Projetos/23.PUC/semestre6/pmv-si-2024-1-pe6-t2-g3-gestao-med/src/backend/src/Services/Medications/UserMedicationsService/userMedicationsService.ts","statementMap":{"0":{"start":{"line":6,"column":4},"end":{"line":6,"column":null}},"1":{"start":{"line":6,"column":18},"end":{"line":6,"column":null}},"2":{"start":{"line":8,"column":24},"end":{"line":22,"column":null}},"3":{"start":{"line":24,"column":4},"end":{"line":24,"column":null}},"4":{"start":{"line":24,"column":22},"end":{"line":24,"column":null}},"5":{"start":{"line":26,"column":4},"end":{"line":26,"column":null}}},"fnMap":{"0":{"name":"(anonymous_0)","decl":{"start":{"line":5,"column":2},"end":{"line":5,"column":8}},"loc":{"start":{"line":5,"column":33},"end":{"line":27,"column":null}}}},"branchMap":{"0":{"loc":{"start":{"line":6,"column":4},"end":{"line":6,"column":null}},"type":"if","locations":[{"start":{"line":6,"column":4},"end":{"line":6,"column":null}},{"start":{"line":6,"column":4},"end":{"line":6,"column":null}}]},"1":{"loc":{"start":{"line":24,"column":4},"end":{"line":24,"column":null}},"type":"if","locations":[{"start":{"line":24,"column":4},"end":{"line":24,"column":null}},{"start":{"line":24,"column":4},"end":{"line":24,"column":null}}]}},"s":{"0":0,"1":0,"2":0,"3":0,"4":0,"5":0},"f":{"0":0},"b":{"0":[0,0],"1":[0,0]}}
,"C:/Users/james/Documents/4.Projetos/23.PUC/semestre6/pmv-si-2024-1-pe6-t2-g3-gestao-med/src/backend/src/Services/Users/Repositories/implementations/in-memory/user-memory.repository.ts": {"path":"C:/Users/james/Documents/4.Projetos/23.PUC/semestre6/pmv-si-2024-1-pe6-t2-g3-gestao-med/src/backend/src/Services/Users/Repositories/implementations/in-memory/user-memory.repository.ts","statementMap":{"0":{"start":{"line":5,"column":4},"end":{"line":5,"column":null}},"1":{"start":{"line":8,"column":8},"end":{"line":8,"column":null}},"2":{"start":{"line":12,"column":8},"end":{"line":12,"column":null}},"3":{"start":{"line":12,"column":38},"end":{"line":12,"column":52}},"4":{"start":{"line":15,"column":8},"end":{"line":15,"column":null}},"5":{"start":{"line":15,"column":38},"end":{"line":15,"column":58}}},"fnMap":{"0":{"name":"(anonymous_0)","decl":{"start":{"line":4,"column":7},"end":{"line":4,"column":13}},"loc":{"start":{"line":4,"column":7},"end":{"line":5,"column":null}}},"1":{"name":"(anonymous_1)","decl":{"start":{"line":7,"column":4},"end":{"line":7,"column":10}},"loc":{"start":{"line":7,"column":49},"end":{"line":9,"column":null}}},"2":{"name":"(anonymous_2)","decl":{"start":{"line":11,"column":4},"end":{"line":11,"column":10}},"loc":{"start":{"line":11,"column":64},"end":{"line":13,"column":null}}},"3":{"name":"(anonymous_3)","decl":{"start":{"line":12,"column":30},"end":{"line":12,"column":38}},"loc":{"start":{"line":12,"column":38},"end":{"line":12,"column":52}}},"4":{"name":"(anonymous_4)","decl":{"start":{"line":14,"column":4},"end":{"line":14,"column":10}},"loc":{"start":{"line":14,"column":66},"end":{"line":16,"column":null}}},"5":{"name":"(anonymous_5)","decl":{"start":{"line":15,"column":30},"end":{"line":15,"column":38}},"loc":{"start":{"line":15,"column":38},"end":{"line":15,"column":58}}}},"branchMap":{"0":{"loc":{"start":{"line":12,"column":15},"end":{"line":12,"column":null}},"type":"binary-expr","locations":[{"start":{"line":12,"column":15},"end":{"line":12,"column":57}},{"start":{"line":12,"column":57},"end":{"line":12,"column":null}}]},"1":{"loc":{"start":{"line":15,"column":15},"end":{"line":15,"column":null}},"type":"binary-expr","locations":[{"start":{"line":15,"column":15},"end":{"line":15,"column":63}},{"start":{"line":15,"column":63},"end":{"line":15,"column":null}}]}},"s":{"0":8,"1":4,"2":2,"3":2,"4":10,"5":6},"f":{"0":8,"1":4,"2":2,"3":2,"4":10,"5":6},"b":{"0":[2,1],"1":[10,5]}}
,"C:/Users/james/Documents/4.Projetos/23.PUC/semestre6/pmv-si-2024-1-pe6-t2-g3-gestao-med/src/backend/src/Services/Users/Repositories/implementations/prisma/user-prisma.repository.ts": {"path":"C:/Users/james/Documents/4.Projetos/23.PUC/semestre6/pmv-si-2024-1-pe6-t2-g3-gestao-med/src/backend/src/Services/Users/Repositories/implementations/prisma/user-prisma.repository.ts","statementMap":{"0":{"start":{"line":7,"column":8},"end":{"line":11,"column":null}},"1":{"start":{"line":15,"column":8},"end":{"line":30,"column":null}},"2":{"start":{"line":33,"column":8},"end":{"line":44,"column":null}}},"fnMap":{"0":{"name":"(anonymous_0)","decl":{"start":{"line":6,"column":4},"end":{"line":6,"column":10}},"loc":{"start":{"line":6,"column":66},"end":{"line":12,"column":null}}},"1":{"name":"(anonymous_1)","decl":{"start":{"line":14,"column":4},"end":{"line":14,"column":10}},"loc":{"start":{"line":14,"column":64},"end":{"line":31,"column":null}}},"2":{"name":"(anonymous_2)","decl":{"start":{"line":32,"column":4},"end":{"line":32,"column":10}},"loc":{"start":{"line":32,"column":49},"end":{"line":45,"column":null}}}},"branchMap":{},"s":{"0":0,"1":0,"2":0},"f":{"0":0,"1":0,"2":0},"b":{}}
,"C:/Users/james/Documents/4.Projetos/23.PUC/semestre6/pmv-si-2024-1-pe6-t2-g3-gestao-med/src/backend/src/Services/Users/Usecases/AuthenticateUser/authUserService.ts": {"path":"C:/Users/james/Documents/4.Projetos/23.PUC/semestre6/pmv-si-2024-1-pe6-t2-g3-gestao-med/src/backend/src/Services/Users/Usecases/AuthenticateUser/authUserService.ts","statementMap":{"0":{"start":{"line":13,"column":16},"end":{"line":13,"column":null}},"1":{"start":{"line":14,"column":16},"end":{"line":14,"column":null}},"2":{"start":{"line":15,"column":16},"end":{"line":15,"column":null}},"3":{"start":{"line":21,"column":21},"end":{"line":21,"column":null}},"4":{"start":{"line":22,"column":8},"end":{"line":22,"column":null}},"5":{"start":{"line":22,"column":18},"end":{"line":22,"column":null}},"6":{"start":{"line":25,"column":30},"end":{"line":25,"column":null}},"7":{"start":{"line":27,"column":8},"end":{"line":27,"column":null}},"8":{"start":{"line":27,"column":27},"end":{"line":27,"column":null}},"9":{"start":{"line":29,"column":22},"end":{"line":29,"column":null}},"10":{"start":{"line":31,"column":8},"end":{"line":39,"column":null}}},"fnMap":{"0":{"name":"(anonymous_0)","decl":{"start":{"line":12,"column":4},"end":{"line":12,"column":null}},"loc":{"start":{"line":16,"column":5},"end":{"line":16,"column":null}}},"1":{"name":"(anonymous_1)","decl":{"start":{"line":18,"column":4},"end":{"line":18,"column":10}},"loc":{"start":{"line":18,"column":52},"end":{"line":41,"column":null}}}},"branchMap":{"0":{"loc":{"start":{"line":22,"column":8},"end":{"line":22,"column":null}},"type":"if","locations":[{"start":{"line":22,"column":8},"end":{"line":22,"column":null}},{"start":{"line":22,"column":8},"end":{"line":22,"column":null}}]},"1":{"loc":{"start":{"line":27,"column":8},"end":{"line":27,"column":null}},"type":"if","locations":[{"start":{"line":27,"column":8},"end":{"line":27,"column":null}},{"start":{"line":27,"column":8},"end":{"line":27,"column":null}}]}},"s":{"0":4,"1":4,"2":4,"3":4,"4":4,"5":1,"6":3,"7":3,"8":1,"9":2,"10":2},"f":{"0":4,"1":4},"b":{"0":[1,3],"1":[1,2]}}
,"C:/Users/james/Documents/4.Projetos/23.PUC/semestre6/pmv-si-2024-1-pe6-t2-g3-gestao-med/src/backend/src/Services/Users/Usecases/CreateUser/createUserService.ts": {"path":"C:/Users/james/Documents/4.Projetos/23.PUC/semestre6/pmv-si-2024-1-pe6-t2-g3-gestao-med/src/backend/src/Services/Users/Usecases/CreateUser/createUserService.ts","statementMap":{"0":{"start":{"line":11,"column":16},"end":{"line":11,"column":null}},"1":{"start":{"line":15,"column":8},"end":{"line":15,"column":null}},"2":{"start":{"line":18,"column":8},"end":{"line":18,"column":null}},"3":{"start":{"line":18,"column":24},"end":{"line":18,"column":null}},"4":{"start":{"line":19,"column":8},"end":{"line":19,"column":null}},"5":{"start":{"line":19,"column":25},"end":{"line":19,"column":null}},"6":{"start":{"line":20,"column":8},"end":{"line":20,"column":null}},"7":{"start":{"line":20,"column":28},"end":{"line":20,"column":null}},"8":{"start":{"line":21,"column":8},"end":{"line":21,"column":null}},"9":{"start":{"line":21,"column":25},"end":{"line":21,"column":null}},"10":{"start":{"line":22,"column":8},"end":{"line":22,"column":null}},"11":{"start":{"line":22,"column":33},"end":{"line":22,"column":null}},"12":{"start":{"line":23,"column":8},"end":{"line":23,"column":null}},"13":{"start":{"line":23,"column":26},"end":{"line":23,"column":null}},"14":{"start":{"line":26,"column":8},"end":{"line":26,"column":null}},"15":{"start":{"line":26,"column":51},"end":{"line":26,"column":null}},"16":{"start":{"line":29,"column":8},"end":{"line":31,"column":null}},"17":{"start":{"line":30,"column":12},"end":{"line":30,"column":null}},"18":{"start":{"line":33,"column":27},"end":{"line":33,"column":null}},"19":{"start":{"line":36,"column":8},"end":{"line":38,"column":null}},"20":{"start":{"line":37,"column":12},"end":{"line":37,"column":null}},"21":{"start":{"line":40,"column":22},"end":{"line":40,"column":null}},"22":{"start":{"line":44,"column":8},"end":{"line":46,"column":null}},"23":{"start":{"line":45,"column":12},"end":{"line":45,"column":null}},"24":{"start":{"line":52,"column":34},"end":{"line":52,"column":null}},"25":{"start":{"line":54,"column":8},"end":{"line":56,"column":null}},"26":{"start":{"line":55,"column":12},"end":{"line":55,"column":null}},"27":{"start":{"line":59,"column":29},"end":{"line":59,"column":null}},"28":{"start":{"line":61,"column":8},"end":{"line":61,"column":null}},"29":{"start":{"line":64,"column":28},"end":{"line":67,"column":null}},"30":{"start":{"line":69,"column":21},"end":{"line":69,"column":null}},"31":{"start":{"line":71,"column":8},"end":{"line":71,"column":null}}},"fnMap":{"0":{"name":"(anonymous_0)","decl":{"start":{"line":10,"column":4},"end":{"line":10,"column":null}},"loc":{"start":{"line":12,"column":6},"end":{"line":12,"column":null}}},"1":{"name":"(anonymous_1)","decl":{"start":{"line":14,"column":4},"end":{"line":14,"column":10}},"loc":{"start":{"line":14,"column":40},"end":{"line":72,"column":null}}}},"branchMap":{"0":{"loc":{"start":{"line":18,"column":8},"end":{"line":18,"column":null}},"type":"if","locations":[{"start":{"line":18,"column":8},"end":{"line":18,"column":null}},{"start":{"line":18,"column":8},"end":{"line":18,"column":null}}]},"1":{"loc":{"start":{"line":19,"column":8},"end":{"line":19,"column":null}},"type":"if","locations":[{"start":{"line":19,"column":8},"end":{"line":19,"column":null}},{"start":{"line":19,"column":8},"end":{"line":19,"column":null}}]},"2":{"loc":{"start":{"line":20,"column":8},"end":{"line":20,"column":null}},"type":"if","locations":[{"start":{"line":20,"column":8},"end":{"line":20,"column":null}},{"start":{"line":20,"column":8},"end":{"line":20,"column":null}}]},"3":{"loc":{"start":{"line":21,"column":8},"end":{"line":21,"column":null}},"type":"if","locations":[{"start":{"line":21,"column":8},"end":{"line":21,"column":null}},{"start":{"line":21,"column":8},"end":{"line":21,"column":null}}]},"4":{"loc":{"start":{"line":22,"column":8},"end":{"line":22,"column":null}},"type":"if","locations":[{"start":{"line":22,"column":8},"end":{"line":22,"column":null}},{"start":{"line":22,"column":8},"end":{"line":22,"column":null}}]},"5":{"loc":{"start":{"line":23,"column":8},"end":{"line":23,"column":null}},"type":"if","locations":[{"start":{"line":23,"column":8},"end":{"line":23,"column":null}},{"start":{"line":23,"column":8},"end":{"line":23,"column":null}}]},"6":{"loc":{"start":{"line":26,"column":8},"end":{"line":26,"column":null}},"type":"if","locations":[{"start":{"line":26,"column":8},"end":{"line":26,"column":null}},{"start":{"line":26,"column":8},"end":{"line":26,"column":null}}]},"7":{"loc":{"start":{"line":29,"column":8},"end":{"line":31,"column":null}},"type":"if","locations":[{"start":{"line":29,"column":8},"end":{"line":31,"column":null}},{"start":{"line":29,"column":8},"end":{"line":31,"column":null}}]},"8":{"loc":{"start":{"line":29,"column":12},"end":{"line":29,"column":92}},"type":"binary-expr","locations":[{"start":{"line":29,"column":12},"end":{"line":29,"column":52}},{"start":{"line":29,"column":52},"end":{"line":29,"column":92}}]},"9":{"loc":{"start":{"line":36,"column":8},"end":{"line":38,"column":null}},"type":"if","locations":[{"start":{"line":36,"column":8},"end":{"line":38,"column":null}},{"start":{"line":36,"column":8},"end":{"line":38,"column":null}}]},"10":{"loc":{"start":{"line":44,"column":8},"end":{"line":46,"column":null}},"type":"if","locations":[{"start":{"line":44,"column":8},"end":{"line":46,"column":null}},{"start":{"line":44,"column":8},"end":{"line":46,"column":null}}]},"11":{"loc":{"start":{"line":54,"column":8},"end":{"line":56,"column":null}},"type":"if","locations":[{"start":{"line":54,"column":8},"end":{"line":56,"column":null}},{"start":{"line":54,"column":8},"end":{"line":56,"column":null}}]}},"s":{"0":8,"1":9,"2":9,"3":1,"4":8,"5":1,"6":7,"7":1,"8":6,"9":0,"10":6,"11":0,"12":6,"13":0,"14":6,"15":0,"16":6,"17":0,"18":6,"19":6,"20":1,"21":5,"22":5,"23":0,"24":5,"25":5,"26":1,"27":4,"28":4,"29":4,"30":4,"31":4},"f":{"0":8,"1":9},"b":{"0":[1,8],"1":[1,7],"2":[1,6],"3":[0,6],"4":[0,6],"5":[0,6],"6":[0,6],"7":[0,6],"8":[6,0],"9":[1,5],"10":[0,5],"11":[1,4]}}
,"C:/Users/james/Documents/4.Projetos/23.PUC/semestre6/pmv-si-2024-1-pe6-t2-g3-gestao-med/src/backend/src/Services/Users/Usecases/UserDetailsService/userDetailsService.ts": {"path":"C:/Users/james/Documents/4.Projetos/23.PUC/semestre6/pmv-si-2024-1-pe6-t2-g3-gestao-med/src/backend/src/Services/Users/Usecases/UserDetailsService/userDetailsService.ts","statementMap":{"0":{"start":{"line":8,"column":12},"end":{"line":8,"column":null}},"1":{"start":{"line":12,"column":4},"end":{"line":12,"column":null}},"2":{"start":{"line":12,"column":18},"end":{"line":12,"column":null}},"3":{"start":{"line":14,"column":17},"end":{"line":14,"column":null}},"4":{"start":{"line":16,"column":4},"end":{"line":16,"column":null}},"5":{"start":{"line":16,"column":15},"end":{"line":16,"column":null}},"6":{"start":{"line":18,"column":4},"end":{"line":18,"column":null}}},"fnMap":{"0":{"name":"(anonymous_0)","decl":{"start":{"line":7,"column":2},"end":{"line":7,"column":null}},"loc":{"start":{"line":9,"column":3},"end":{"line":9,"column":null}}},"1":{"name":"(anonymous_1)","decl":{"start":{"line":11,"column":2},"end":{"line":11,"column":8}},"loc":{"start":{"line":11,"column":33},"end":{"line":19,"column":null}}}},"branchMap":{"0":{"loc":{"start":{"line":12,"column":4},"end":{"line":12,"column":null}},"type":"if","locations":[{"start":{"line":12,"column":4},"end":{"line":12,"column":null}},{"start":{"line":12,"column":4},"end":{"line":12,"column":null}}]},"1":{"loc":{"start":{"line":16,"column":4},"end":{"line":16,"column":null}},"type":"if","locations":[{"start":{"line":16,"column":4},"end":{"line":16,"column":null}},{"start":{"line":16,"column":4},"end":{"line":16,"column":null}}]}},"s":{"0":3,"1":3,"2":1,"3":2,"4":2,"5":1,"6":1},"f":{"0":3,"1":3},"b":{"0":[1,2],"1":[1,1]}}
,"C:/Users/james/Documents/4.Projetos/23.PUC/semestre6/pmv-si-2024-1-pe6-t2-g3-gestao-med/src/backend/src/errors/custom.error.ts": {"path":"C:/Users/james/Documents/4.Projetos/23.PUC/semestre6/pmv-si-2024-1-pe6-t2-g3-gestao-med/src/backend/src/errors/custom.error.ts","statementMap":{"0":{"start":{"line":6,"column":8},"end":{"line":6,"column":null}},"1":{"start":{"line":7,"column":8},"end":{"line":7,"column":null}},"2":{"start":{"line":8,"column":8},"end":{"line":8,"column":null}}},"fnMap":{"0":{"name":"(anonymous_0)","decl":{"start":{"line":5,"column":4},"end":{"line":5,"column":16}},"loc":{"start":{"line":5,"column":61},"end":{"line":9,"column":null}}}},"branchMap":{"0":{"loc":{"start":{"line":5,"column":33},"end":{"line":5,"column":51}},"type":"default-arg","locations":[{"start":{"line":5,"column":46},"end":{"line":5,"column":51}}]},"1":{"loc":{"start":{"line":5,"column":51},"end":{"line":5,"column":61}},"type":"default-arg","locations":[{"start":{"line":5,"column":58},"end":{"line":5,"column":61}}]}},"s":{"0":9,"1":9,"2":9},"f":{"0":9},"b":{"0":[0],"1":[9]}}
,"C:/Users/james/Documents/4.Projetos/23.PUC/semestre6/pmv-si-2024-1-pe6-t2-g3-gestao-med/src/backend/src/prisma/index.ts": {"path":"C:/Users/james/Documents/4.Projetos/23.PUC/semestre6/pmv-si-2024-1-pe6-t2-g3-gestao-med/src/backend/src/prisma/index.ts","statementMap":{"0":{"start":{"line":3,"column":21},"end":{"line":3,"column":null}}},"fnMap":{},"branchMap":{},"s":{"0":0},"f":{},"b":{}}
,"C:/Users/james/Documents/4.Projetos/23.PUC/semestre6/pmv-si-2024-1-pe6-t2-g3-gestao-med/src/backend/src/routes/index.ts": {"path":"C:/Users/james/Documents/4.Projetos/23.PUC/semestre6/pmv-si-2024-1-pe6-t2-g3-gestao-med/src/backend/src/routes/index.ts","statementMap":{"0":{"start":{"line":4,"column":15},"end":{"line":4,"column":null}},"1":{"start":{"line":6,"column":0},"end":{"line":6,"column":null}}},"fnMap":{},"branchMap":{},"s":{"0":0,"1":0},"f":{},"b":{}}
,"C:/Users/james/Documents/4.Projetos/23.PUC/semestre6/pmv-si-2024-1-pe6-t2-g3-gestao-med/src/backend/src/routes/User/routes.ts": {"path":"C:/Users/james/Documents/4.Projetos/23.PUC/semestre6/pmv-si-2024-1-pe6-t2-g3-gestao-med/src/backend/src/routes/User/routes.ts","statementMap":{"0":{"start":{"line":10,"column":19},"end":{"line":10,"column":null}},"1":{"start":{"line":13,"column":0},"end":{"line":15,"column":null}},"2":{"start":{"line":14,"column":4},"end":{"line":14,"column":null}},"3":{"start":{"line":18,"column":0},"end":{"line":20,"column":null}},"4":{"start":{"line":19,"column":4},"end":{"line":19,"column":null}},"5":{"start":{"line":23,"column":0},"end":{"line":25,"column":null}},"6":{"start":{"line":24,"column":4},"end":{"line":24,"column":null}},"7":{"start":{"line":28,"column":0},"end":{"line":28,"column":null}}},"fnMap":{"0":{"name":"(anonymous_0)","decl":{"start":{"line":13,"column":25},"end":{"line":13,"column":32}},"loc":{"start":{"line":13,"column":54},"end":{"line":15,"column":1}}},"1":{"name":"(anonymous_1)","decl":{"start":{"line":18,"column":28},"end":{"line":18,"column":35}},"loc":{"start":{"line":18,"column":57},"end":{"line":20,"column":1}}},"2":{"name":"(anonymous_2)","decl":{"start":{"line":23,"column":41},"end":{"line":23,"column":48}},"loc":{"start":{"line":23,"column":70},"end":{"line":25,"column":1}}}},"branchMap":{},"s":{"0":0,"1":0,"2":0,"3":0,"4":0,"5":0,"6":0,"7":0},"f":{"0":0,"1":0,"2":0},"b":{}}
,"C:/Users/james/Documents/4.Projetos/23.PUC/semestre6/pmv-si-2024-1-pe6-t2-g3-gestao-med/src/backend/src/shared/crypto/password.bcrypt.ts": {"path":"C:/Users/james/Documents/4.Projetos/23.PUC/semestre6/pmv-si-2024-1-pe6-t2-g3-gestao-med/src/backend/src/shared/crypto/password.bcrypt.ts","statementMap":{"0":{"start":{"line":7,"column":8},"end":{"line":7,"column":null}},"1":{"start":{"line":11,"column":25},"end":{"line":11,"column":null}},"2":{"start":{"line":12,"column":8},"end":{"line":12,"column":null}}},"fnMap":{"0":{"name":"(anonymous_0)","decl":{"start":{"line":6,"column":4},"end":{"line":6,"column":9}},"loc":{"start":{"line":6,"column":43},"end":{"line":8,"column":null}}},"1":{"name":"(anonymous_1)","decl":{"start":{"line":10,"column":4},"end":{"line":10,"column":10}},"loc":{"start":{"line":10,"column":76},"end":{"line":13,"column":null}}}},"branchMap":{},"s":{"0":0,"1":3,"2":3},"f":{"0":0,"1":3},"b":{}}
,"C:/Users/james/Documents/4.Projetos/23.PUC/semestre6/pmv-si-2024-1-pe6-t2-g3-gestao-med/src/backend/src/shared/middlewares/user-auth.middleware.ts": {"path":"C:/Users/james/Documents/4.Projetos/23.PUC/semestre6/pmv-si-2024-1-pe6-t2-g3-gestao-med/src/backend/src/shared/middlewares/user-auth.middleware.ts","statementMap":{"0":{"start":{"line":4,"column":31},"end":{"line":27,"column":null}},"1":{"start":{"line":6,"column":22},"end":{"line":6,"column":null}},"2":{"start":{"line":8,"column":4},"end":{"line":8,"column":null}},"3":{"start":{"line":8,"column":20},"end":{"line":8,"column":null}},"4":{"start":{"line":10,"column":22},"end":{"line":10,"column":null}},"5":{"start":{"line":12,"column":4},"end":{"line":14,"column":null}},"6":{"start":{"line":12,"column":16},"end":{"line":14,"column":null}},"7":{"start":{"line":16,"column":24},"end":{"line":16,"column":null}},"8":{"start":{"line":18,"column":4},"end":{"line":23,"column":null}},"9":{"start":{"line":19,"column":8},"end":{"line":19,"column":null}},"10":{"start":{"line":21,"column":7},"end":{"line":21,"column":null}},"11":{"start":{"line":25,"column":4},"end":{"line":25,"column":null}}},"fnMap":{"0":{"name":"(anonymous_0)","decl":{"start":{"line":4,"column":31},"end":{"line":4,"column":38}},"loc":{"start":{"line":4,"column":90},"end":{"line":27,"column":null}}}},"branchMap":{"0":{"loc":{"start":{"line":8,"column":4},"end":{"line":8,"column":null}},"type":"if","locations":[{"start":{"line":8,"column":4},"end":{"line":8,"column":null}},{"start":{"line":8,"column":4},"end":{"line":8,"column":null}}]},"1":{"loc":{"start":{"line":12,"column":4},"end":{"line":14,"column":null}},"type":"if","locations":[{"start":{"line":12,"column":4},"end":{"line":14,"column":null}},{"start":{"line":12,"column":4},"end":{"line":14,"column":null}}]},"2":{"loc":{"start":{"line":18,"column":4},"end":{"line":23,"column":null}},"type":"if","locations":[{"start":{"line":18,"column":4},"end":{"line":23,"column":null}},{"start":{"line":18,"column":4},"end":{"line":23,"column":null}}]}},"s":{"0":0,"1":0,"2":0,"3":0,"4":0,"5":0,"6":0,"7":0,"8":0,"9":0,"10":0,"11":0},"f":{"0":0},"b":{"0":[0,0],"1":[0,0],"2":[0,0]}}
,"C:/Users/james/Documents/4.Projetos/23.PUC/semestre6/pmv-si-2024-1-pe6-t2-g3-gestao-med/src/backend/src/shared/token/jwt.token.ts": {"path":"C:/Users/james/Documents/4.Projetos/23.PUC/semestre6/pmv-si-2024-1-pe6-t2-g3-gestao-med/src/backend/src/shared/token/jwt.token.ts","statementMap":{"0":{"start":{"line":11,"column":4},"end":{"line":11,"column":null}},"1":{"start":{"line":13,"column":4},"end":{"line":13,"column":null}},"2":{"start":{"line":16,"column":22},"end":{"line":24,"column":null}},"3":{"start":{"line":26,"column":8},"end":{"line":26,"column":null}},"4":{"start":{"line":31,"column":8},"end":{"line":37,"column":null}},"5":{"start":{"line":32,"column":30},"end":{"line":32,"column":null}},"6":{"start":{"line":33,"column":12},"end":{"line":33,"column":null}},"7":{"start":{"line":36,"column":12},"end":{"line":36,"column":null}}},"fnMap":{"0":{"name":"(anonymous_0)","decl":{"start":{"line":10,"column":7},"end":{"line":10,"column":13}},"loc":{"start":{"line":10,"column":7},"end":{"line":13,"column":null}}},"1":{"name":"(anonymous_1)","decl":{"start":{"line":15,"column":4},"end":{"line":15,"column":11}},"loc":{"start":{"line":15,"column":49},"end":{"line":27,"column":null}}},"2":{"name":"(anonymous_2)","decl":{"start":{"line":29,"column":4},"end":{"line":29,"column":13}},"loc":{"start":{"line":29,"column":45},"end":{"line":38,"column":null}}}},"branchMap":{"0":{"loc":{"start":{"line":11,"column":27},"end":{"line":11,"column":null}},"type":"binary-expr","locations":[{"start":{"line":11,"column":27},"end":{"line":11,"column":53}},{"start":{"line":11,"column":53},"end":{"line":11,"column":null}}]}},"s":{"0":4,"1":4,"2":2,"3":2,"4":0,"5":0,"6":0,"7":0},"f":{"0":4,"1":2,"2":0},"b":{"0":[4,4]}}
}
